<?xml version="1.0" encoding="UTF-8"?>
<testng-results ignored="0" total="2" passed="2" failed="0" skipped="0">
  <reporter-output>
  </reporter-output>
  <suite started-at="2024-03-18T22:24:06 EET" name="Default suite" finished-at="2024-03-18T22:24:19 EET" duration-ms="12558">
    <groups>
    </groups>
    <test started-at="2024-03-18T22:24:06 EET" name="Default test" finished-at="2024-03-18T22:24:19 EET" duration-ms="12558">
      <class name="atomationStore.test2">
        <test-method is-config="true" signature="sutup()[pri:0, instance:atomationStore.test2@89ff02e]" started-at="2024-03-18T22:24:06 EET" name="sutup" finished-at="2024-03-18T22:24:10 EET" duration-ms="3770" status="PASS">
          <reporter-output>
          </reporter-output>
        </test-method> <!-- sutup -->
        <test-method signature="login()[pri:1, instance:atomationStore.test2@89ff02e]" started-at="2024-03-18T22:24:10 EET" name="login" finished-at="2024-03-18T22:24:13 EET" duration-ms="2433" status="PASS">
          <reporter-output>
          </reporter-output>
        </test-method> <!-- login -->
        <test-method signature="changPassword()[pri:2, instance:atomationStore.test2@89ff02e]" started-at="2024-03-18T22:24:13 EET" name="changPassword" finished-at="2024-03-18T22:24:19 EET" duration-ms="6187" status="PASS">
          <reporter-output>
          </reporter-output>
        </test-method> <!-- changPassword -->
        <test-method is-config="true" signature="enftest()[pri:0, instance:atomationStore.test2@89ff02e]" started-at="2024-03-18T22:24:19 EET" name="enftest" finished-at="2024-03-18T22:24:19 EET" duration-ms="1" status="PASS">
          <reporter-output>
          </reporter-output>
        </test-method> <!-- enftest -->
      </class> <!-- atomationStore.test2 -->
    </test> <!-- Default test -->
  </suite> <!-- Default suite -->
</testng-results>
